SF:/home/digitalkitsune/github/phantom-connections/cloudflare-fetch/cloudflare_tests.ts
FN:2,isCloudflareHold
FN:19,hasCloudflareChallengePlatform
FN:23,isCloudflareJSChallenge
FN:27,isCloudflareCaptchaChallenge
FNDA:7,isCloudflareHold
FNDA:16,hasCloudflareChallengePlatform
FNDA:7,isCloudflareJSChallenge
FNDA:4,isCloudflareCaptchaChallenge
FNF:4
FNH:4
BRDA:7,1,0,0
BRDA:11,1,1,0
BRF:2
BRH:0
DA:1,1
DA:2,1
DA:3,1
DA:5,8
DA:6,8
DA:7,0
DA:8,0
DA:9,0
DA:10,8
DA:11,0
DA:12,0
DA:13,0
DA:14,0
DA:15,0
DA:16,8
DA:17,8
DA:19,1
DA:20,17
DA:21,17
DA:23,1
DA:24,8
DA:25,8
DA:27,1
DA:28,5
DA:29,5
LH:17
LF:25
end_of_record
SF:/home/digitalkitsune/github/phantom-connections/cloudflare-fetch/mod.ts
FN:9,<instance_members_initializer>
FN:16,CloudflareFetcher
FN:21,startBrowser
FN:25,closeBrowser
FN:31,fetch
FNDA:4,<instance_members_initializer>
FNDA:4,CloudflareFetcher
FNDA:3,startBrowser
FNDA:3,closeBrowser
FNDA:5,fetch
FNF:5
FNH:5
BRDA:32,5,0,1
BRDA:34,5,1,4
BRDA:44,5,2,1
BRDA:46,5,3,4
BRDA:60,5,4,4
BRDA:61,5,5,6
BRDA:69,5,6,3
BRDA:71,5,7,3
BRDA:72,5,8,3
BRDA:77,5,9,0
BRDA:80,5,10,4
BRDA:81,5,11,0
BRDA:84,5,12,4
BRDA:85,5,13,0
BRDA:86,5,14,4
BRF:15
BRH:12
DA:1,1
DA:7,1
DA:9,1
DA:10,5
DA:11,5
DA:12,5
DA:13,5
DA:14,5
DA:16,5
DA:17,9
DA:18,9
DA:19,9
DA:21,5
DA:22,8
DA:23,8
DA:25,5
DA:26,8
DA:27,8
DA:28,8
DA:29,8
DA:31,5
DA:32,10
DA:33,11
DA:34,11
DA:35,14
DA:36,14
DA:37,14
DA:38,14
DA:39,14
DA:40,14
DA:41,14
DA:42,14
DA:43,14
DA:44,10
DA:45,11
DA:46,11
DA:47,14
DA:49,14
DA:50,14
DA:51,14
DA:52,14
DA:53,14
DA:55,14
DA:56,14
DA:58,14
DA:59,14
DA:60,10
DA:61,10
DA:62,10
DA:63,16
DA:64,16
DA:65,16
DA:66,16
DA:67,16
DA:68,16
DA:69,16
DA:70,16
DA:71,16
DA:72,16
DA:73,16
DA:74,19
DA:75,0
DA:76,19
DA:77,0
DA:78,0
DA:79,0
DA:80,16
DA:81,0
DA:82,0
DA:83,0
DA:84,0
DA:85,0
DA:86,10
DA:87,28
DA:88,14
DA:89,14
DA:90,14
DA:91,14
DA:92,14
DA:93,14
DA:94,14
DA:95,10
DA:96,5
LH:74
LF:83
end_of_record
