SF:/home/digitalkitsune/github/phantom-connections/cloudflare-fetch/cloudflare_tests.ts
FN:2,isCloudflareHold
FN:19,hasCloudflareChallengePlatform
FN:23,isCloudflareJSChallenge
FN:27,isCloudflareCaptchaChallenge
FNDA:30,isCloudflareHold
FNDA:233,hasCloudflareChallengePlatform
FNDA:30,isCloudflareJSChallenge
FNDA:30,isCloudflareCaptchaChallenge
FNF:4
FNH:4
BRDA:7,1,0,0
BRDA:11,1,1,0
BRF:2
BRH:0
DA:1,5
DA:2,5
DA:3,5
DA:5,35
DA:6,35
DA:7,0
DA:8,0
DA:9,0
DA:10,35
DA:11,0
DA:12,0
DA:13,0
DA:14,0
DA:15,0
DA:16,35
DA:17,35
DA:19,5
DA:20,238
DA:21,238
DA:23,5
DA:24,35
DA:25,35
DA:27,5
DA:28,35
DA:29,35
LH:17
LF:25
end_of_record
SF:/home/digitalkitsune/github/phantom-connections/cloudflare-fetch/mod.ts
FN:9,<instance_members_initializer>
FN:16,CloudflareFetcher
FN:21,startBrowser
FN:25,closeBrowser
FN:31,fetch
FNDA:35,<instance_members_initializer>
FNDA:35,CloudflareFetcher
FNDA:30,startBrowser
FNDA:20,closeBrowser
FNDA:50,fetch
FNF:5
FNH:5
BRDA:32,5,0,5
BRDA:34,5,1,45
BRDA:44,5,2,15
BRDA:46,5,3,45
BRDA:58,5,4,30
BRDA:60,5,5,30
BRDA:61,5,6,109
BRDA:67,5,7,94
BRDA:69,5,8,0
BRDA:71,5,9,0
BRDA:72,5,10,94
BRDA:77,5,11,0
BRDA:80,5,12,30
BRDA:81,5,13,0
BRDA:84,5,14,30
BRDA:85,5,15,0
BRDA:86,5,16,30
BRDA:87,5,17,45
BRDA:90,5,18,30
BRF:19
BRH:14
DA:1,5
DA:7,5
DA:9,5
DA:10,40
DA:11,40
DA:12,40
DA:13,40
DA:14,40
DA:16,40
DA:17,75
DA:18,75
DA:19,75
DA:21,40
DA:22,70
DA:23,70
DA:25,40
DA:26,60
DA:27,60
DA:28,60
DA:29,60
DA:31,40
DA:32,90
DA:33,95
DA:34,95
DA:35,135
DA:36,135
DA:37,135
DA:38,135
DA:39,135
DA:40,135
DA:41,135
DA:42,135
DA:43,135
DA:44,90
DA:45,105
DA:46,105
DA:47,135
DA:49,135
DA:50,135
DA:51,135
DA:52,135
DA:53,135
DA:55,135
DA:56,135
DA:58,90
DA:59,90
DA:60,90
DA:61,90
DA:62,90
DA:63,199
DA:64,199
DA:65,199
DA:66,199
DA:67,199
DA:68,293
DA:69,0
DA:70,0
DA:71,0
DA:72,0
DA:73,0
DA:74,293
DA:75,0
DA:76,293
DA:77,0
DA:78,0
DA:79,0
DA:80,199
DA:81,0
DA:82,0
DA:83,0
DA:84,0
DA:85,0
DA:86,90
DA:87,210
DA:88,135
DA:89,135
DA:90,135
DA:91,120
DA:92,120
DA:93,120
DA:94,120
DA:95,90
DA:96,40
LH:69
LF:83
end_of_record
